<?xml version='1.0' encoding='UTF-8' ?>
<testsuite name="com.example.menuscript.RecipeListActivityTest" tests="1" failures="0" errors="0" skipped="0" time="3.949" timestamp="2022-11-02T06:28:57" hostname="localhost">
  <properties>
    <property name="device" value="Pixel_5_API_30(AVD) - 11" />
    <property name="flavor" value="" />
    <property name="project" value=":app" />
  </properties>
  <testcase name="start" classname="com.example.menuscript.RecipeListActivityTest" time="2.995" />
</testsuite>